[debug] [2025-08-15T01:23:56.104Z] ----------------------------------------------------------------------
[debug] [2025-08-15T01:23:56.118Z] Command:       /usr/local/bin/node /usr/local/bin/firebase init
[debug] [2025-08-15T01:23:56.119Z] CLI Version:   14.12.1
[debug] [2025-08-15T01:23:56.119Z] Platform:      darwin
[debug] [2025-08-15T01:23:56.119Z] Node Version:  v22.11.0
[debug] [2025-08-15T01:23:56.120Z] Time:          Fri Aug 15 2025 09:23:56 GMT+0800 (Malaysia Time)
[debug] [2025-08-15T01:23:56.120Z] ----------------------------------------------------------------------
[debug] 
[debug] [2025-08-15T01:23:56.132Z] > command requires scopes: ["email","openid","https://www.googleapis.com/auth/cloudplatformprojects.readonly","https://www.googleapis.com/auth/firebase","https://www.googleapis.com/auth/cloud-platform"]
[debug] [2025-08-15T01:23:56.133Z] > authorizing via signed-in user (muhammadadamluqman@graduate.utm.my)
[info] 
     ######## #### ########  ######## ########     ###     ######  ########
     ##        ##  ##     ## ##       ##     ##  ##   ##  ##       ##
     ######    ##  ########  ######   ########  #########  ######  ######
     ##        ##  ##    ##  ##       ##     ## ##     ##       ## ##
     ##       #### ##     ## ######## ########  ##     ##  ######  ########

You're about to initialize a Firebase project in this directory:

  /Users/adamhadeed/Documents/portfolio-firebase

[info] 
=== Project Setup
[info] 
[info] First, let's associate this project directory with a Firebase project.
[info] You can create multiple project aliases by running firebase use --add, 
[info] but for now we'll just set up a default project.
[info] 
[debug] [2025-08-15T01:25:29.064Z] Checked if tokens are valid: true, expires at: 1755224612164
[debug] [2025-08-15T01:25:29.065Z] Checked if tokens are valid: true, expires at: 1755224612164
[debug] [2025-08-15T01:25:29.067Z] >>> [apiv2][query] GET https://firebase.googleapis.com/v1beta1/projects pageSize=100
[debug] [2025-08-15T01:25:30.096Z] <<< [apiv2][status] GET https://firebase.googleapis.com/v1beta1/projects 200
[debug] [2025-08-15T01:25:30.096Z] <<< [apiv2][body] GET https://firebase.googleapis.com/v1beta1/projects [omitted]
[debug] [2025-08-15T01:26:00.974Z] ExitPromptError: User force closed the prompt with SIGINT
    at Interface.sigint (/usr/local/lib/node_modules/firebase-tools/node_modules/@inquirer/core/dist/commonjs/lib/create-prompt.js:101:37)
    at Interface.emit (node:events:518:28)
    at Interface.emit (node:domain:489:12)
    at [_ttyWrite] [as _ttyWrite] (node:internal/readline/interface:1124:18)
    at ReadStream.onkeypress (node:internal/readline/interface:263:20)
    at ReadStream.emit (node:events:530:35)
    at ReadStream.emit (node:domain:489:12)
    at emitKeys (node:internal/readline/utils:370:14)
    at emitKeys.next (<anonymous>)
    at ReadStream.onData (node:internal/readline/emitKeypressEvents:64:36)
[error] 
[error] Error: An unexpected error has occurred.
